<?xml version="1.0" encoding="UTF-8"?>
<testsuite name="com.rhtmdwh.batchcampus.application.dormant.PreDormantBatchItemWriterTest" tests="1" skipped="0" failures="0" errors="0" timestamp="2024-01-12T07:34:05" hostname="goseungjos-Mac-mini.local" time="0.402">
  <properties/>
  <testcase name="1주일 뒤에 휴면 계정전환 예정자라고 이메일을 전송해야한다." classname="com.rhtmdwh.batchcampus.application.dormant.PreDormantBatchItemWriterTest" time="0.402"/>
  <system-out><![CDATA[2024-01-12T16:34:05.212+09:00  INFO 15873 --- [    Test worker] t.c.s.AnnotationConfigContextLoaderUtils : Could not detect default configuration classes for test class [com.rhtmdwh.batchcampus.application.dormant.PreDormantBatchItemWriterTest]: PreDormantBatchItemWriterTest does not declare any static, non-private, non-final, nested classes annotated with @Configuration.
2024-01-12T16:34:05.214+09:00  INFO 15873 --- [    Test worker] .b.t.c.SpringBootTestContextBootstrapper : Found @SpringBootConfiguration com.rhtmdwh.batchcampus.BatchCampusApplication for test class com.rhtmdwh.batchcampus.application.dormant.PreDormantBatchItemWriterTest
]]></system-out>
  <system-err><![CDATA[]]></system-err>
</testsuite>
