<?xml version="1.0" encoding="UTF-8"?>
<testsuite name="com.rhtmdwh.batchcampus.application.step.StepExampleBatchConfigurationTest" tests="1" skipped="0" failures="0" errors="0" timestamp="2024-01-12T07:34:05" hostname="goseungjos-Mac-mini.local" time="0.024">
  <properties/>
  <testcase name="test()" classname="com.rhtmdwh.batchcampus.application.step.StepExampleBatchConfigurationTest" time="0.024"/>
  <system-out><![CDATA[2024-01-12T16:34:05.643+09:00  INFO 15873 --- [    Test worker] t.c.s.AnnotationConfigContextLoaderUtils : Could not detect default configuration classes for test class [com.rhtmdwh.batchcampus.application.step.StepExampleBatchConfigurationTest]: StepExampleBatchConfigurationTest does not declare any static, non-private, non-final, nested classes annotated with @Configuration.
2024-01-12T16:34:05.705+09:00  INFO 15873 --- [    Test worker] .b.t.c.SpringBootTestContextBootstrapper : Found @SpringBootConfiguration com.rhtmdwh.batchcampus.BatchCampusApplication for test class com.rhtmdwh.batchcampus.application.step.StepExampleBatchConfigurationTest
step1
step2
step3
]]></system-out>
  <system-err><![CDATA[]]></system-err>
</testsuite>
